<?xml version="1.0" encoding="UTF-8" ?>
<testsuite tests="21" failures="0" name="TestSuite" time="46.631" errors="0" skipped="0">
  <properties>
    <property name="java.runtime.name" value="Java(TM) SE Runtime Environment"/>
    <property name="sun.boot.library.path" value="C:\Program Files\Java\jdk1.8.0_151\jre\bin"/>
    <property name="java.vm.version" value="25.151-b12"/>
    <property name="java.vm.vendor" value="Oracle Corporation"/>
    <property name="java.vendor.url" value="http://java.oracle.com/"/>
    <property name="path.separator" value=";"/>
    <property name="java.vm.name" value="Java HotSpot(TM) 64-Bit Server VM"/>
    <property name="file.encoding.pkg" value="sun.io"/>
    <property name="user.script" value=""/>
    <property name="user.country" value="CN"/>
    <property name="sun.java.launcher" value="SUN_STANDARD"/>
    <property name="sun.os.patch.level" value="Service Pack 1"/>
    <property name="java.vm.specification.name" value="Java Virtual Machine Specification"/>
    <property name="user.dir" value="D:\Lynn\workspace\ApiAutoTest_0228"/>
    <property name="java.runtime.version" value="1.8.0_151-b12"/>
    <property name="java.awt.graphicsenv" value="sun.awt.Win32GraphicsEnvironment"/>
    <property name="basedir" value="D:\Lynn\workspace\ApiAutoTest_0228"/>
    <property name="java.endorsed.dirs" value="C:\Program Files\Java\jdk1.8.0_151\jre\lib\endorsed"/>
    <property name="os.arch" value="amd64"/>
    <property name="surefire.real.class.path" value="D:\Lynn\workspace\ApiAutoTest_0228\target\surefire\surefirebooter5914776555600697471.jar"/>
    <property name="java.io.tmpdir" value="C:\Users\Lynn\LOCALS~1\Temp\"/>
    <property name="line.separator" value="
"/>
    <property name="java.vm.specification.vendor" value="Oracle Corporation"/>
    <property name="user.variant" value=""/>
    <property name="os.name" value="Windows 7"/>
    <property name="sun.jnu.encoding" value="GBK"/>
    <property name="java.library.path" value="C:\Program Files\Java\jdk1.8.0_151\jre\bin;C:\Windows\Sun\Java\bin;C:\Windows\system32;C:\Windows;C:/Program Files/Java/jre1.8.0_151/bin/server;C:/Program Files/Java/jre1.8.0_151/bin;C:/Program Files/Java/jre1.8.0_151/lib/amd64;C:\ProgramData\Oracle\Java\javapath;C:\Program Files (x86)\AMD APP\bin\x86_64;C:\Program Files (x86)\AMD APP\bin\x86;C:\Windows\system32;C:\Windows;C:\Windows\System32\Wbem;C:\Windows\System32\WindowsPowerShell\v1.0\;C:\Program Files (x86)\ATI Technologies\ATI.ACE\Core-Static;C:\Program Files\Git\cmd;C:\Program Files\Java\jdk1.8.0_151\bin;D:\Software\apache-mysql-5.7.15-win32\bin;C:\Users\Lynn\AppData\Local\Programs\Python\Python35-32\Scripts;D:\Software\apache-maven-3.6.3\bin;D:\Software\apache-tomcat-8.5.51\bin;C:\Program Files\OpenSSL-Win64\bin;C:\Users\Lynn\AppData\Local\Programs\Python\Python35-32\Scripts\;C:\Users\Lynn\AppData\Local\Programs\Python\Python35-32\;C:\Program Files (x86)\JetBrains\IntelliJ IDEA 2019.1.3\bin;;D:\Software\eclipse;;."/>
    <property name="surefire.test.class.path" value="D:\Lynn\workspace\ApiAutoTest_0228\target\test-classes;D:\Lynn\workspace\ApiAutoTest_0228\target\classes;D:\Software\m2\repository\com\sun\xml\ws\jaxws-rt\2.1.4\jaxws-rt-2.1.4.jar;D:\Software\m2\repository\javax\xml\ws\jaxws-api\2.1\jaxws-api-2.1.jar;D:\Software\m2\repository\javax\xml\bind\jaxb-api\2.1\jaxb-api-2.1.jar;D:\Software\m2\repository\com\sun\xml\bind\jaxb-impl\2.1.7\jaxb-impl-2.1.7.jar;D:\Software\m2\repository\com\sun\xml\messaging\saaj\saaj-impl\1.3.1\saaj-impl-1.3.1.jar;D:\Software\m2\repository\javax\xml\soap\saaj-api\1.3\saaj-api-1.3.jar;D:\Software\m2\repository\com\sun\xml\stream\buffer\streambuffer\0.7\streambuffer-0.7.jar;D:\Software\m2\repository\javax\activation\activation\1.1\activation-1.1.jar;D:\Software\m2\repository\com\sun\xml\stream\sjsxp\1.0.1\sjsxp-1.0.1.jar;D:\Software\m2\repository\javax\xml\stream\stax-api\1.0\stax-api-1.0.jar;D:\Software\m2\repository\org\jvnet\staxex\stax-ex\1.2\stax-ex-1.2.jar;D:\Software\m2\repository\junit\junit\3.8\junit-3.8.jar;D:\Software\m2\repository\com\sun\org\apache\xml\internal\resolver\20050927\resolver-20050927.jar;D:\Software\m2\repository\org\jvnet\mimepull\1.2\mimepull-1.2.jar;D:\Software\m2\repository\org\apache\maven\plugins\maven-war-plugin\3.0.0\maven-war-plugin-3.0.0.jar;D:\Software\m2\repository\org\apache\maven\maven-plugin-api\3.0\maven-plugin-api-3.0.jar;D:\Software\m2\repository\org\apache\maven\maven-model\3.0\maven-model-3.0.jar;D:\Software\m2\repository\org\apache\maven\maven-artifact\3.0\maven-artifact-3.0.jar;D:\Software\m2\repository\org\sonatype\sisu\sisu-inject-plexus\1.4.2\sisu-inject-plexus-1.4.2.jar;D:\Software\m2\repository\org\sonatype\sisu\sisu-inject-bean\1.4.2\sisu-inject-bean-1.4.2.jar;D:\Software\m2\repository\org\sonatype\sisu\sisu-guice\2.1.7\sisu-guice-2.1.7-noaop.jar;D:\Software\m2\repository\org\apache\maven\maven-core\3.0\maven-core-3.0.jar;D:\Software\m2\repository\org\apache\maven\maven-settings\3.0\maven-settings-3.0.jar;D:\Software\m2\repository\org\apache\maven\maven-settings-builder\3.0\maven-settings-builder-3.0.jar;D:\Software\m2\repository\org\apache\maven\maven-repository-metadata\3.0\maven-repository-metadata-3.0.jar;D:\Software\m2\repository\org\apache\maven\maven-model-builder\3.0\maven-model-builder-3.0.jar;D:\Software\m2\repository\org\apache\maven\maven-aether-provider\3.0\maven-aether-provider-3.0.jar;D:\Software\m2\repository\org\sonatype\aether\aether-impl\1.7\aether-impl-1.7.jar;D:\Software\m2\repository\org\sonatype\aether\aether-spi\1.7\aether-spi-1.7.jar;D:\Software\m2\repository\org\sonatype\aether\aether-api\1.7\aether-api-1.7.jar;D:\Software\m2\repository\org\sonatype\aether\aether-util\1.7\aether-util-1.7.jar;D:\Software\m2\repository\org\codehaus\plexus\plexus-classworlds\2.2.3\plexus-classworlds-2.2.3.jar;D:\Software\m2\repository\org\codehaus\plexus\plexus-component-annotations\1.5.5\plexus-component-annotations-1.5.5.jar;D:\Software\m2\repository\org\sonatype\plexus\plexus-sec-dispatcher\1.3\plexus-sec-dispatcher-1.3.jar;D:\Software\m2\repository\org\sonatype\plexus\plexus-cipher\1.4\plexus-cipher-1.4.jar;D:\Software\m2\repository\org\apache\maven\maven-archiver\3.1.1\maven-archiver-3.1.1.jar;D:\Software\m2\repository\org\apache\maven\shared\maven-shared-utils\3.0.1\maven-shared-utils-3.0.1.jar;D:\Software\m2\repository\commons-io\commons-io\2.5\commons-io-2.5.jar;D:\Software\m2\repository\org\codehaus\plexus\plexus-archiver\3.4\plexus-archiver-3.4.jar;D:\Software\m2\repository\org\codehaus\plexus\plexus-io\2.7.1\plexus-io-2.7.1.jar;D:\Software\m2\repository\org\apache\commons\commons-compress\1.11\commons-compress-1.11.jar;D:\Software\m2\repository\org\iq80\snappy\snappy\0.4\snappy-0.4.jar;D:\Software\m2\repository\org\tukaani\xz\1.5\xz-1.5.jar;D:\Software\m2\repository\org\codehaus\plexus\plexus-interpolation\1.22\plexus-interpolation-1.22.jar;D:\Software\m2\repository\com\thoughtworks\xstream\xstream\1.4.9\xstream-1.4.9.jar;D:\Software\m2\repository\xmlpull\xmlpull\1.1.3.1\xmlpull-1.1.3.1.jar;D:\Software\m2\repository\xpp3\xpp3_min\1.1.4c\xpp3_min-1.1.4c.jar;D:\Software\m2\repository\org\codehaus\plexus\plexus-utils\3.0.24\plexus-utils-3.0.24.jar;D:\Software\m2\repository\org\apache\maven\shared\maven-filtering\3.1.1\maven-filtering-3.1.1.jar;D:\Software\m2\repository\org\sonatype\plexus\plexus-build-api\0.0.7\plexus-build-api-0.0.7.jar;D:\Software\m2\repository\org\apache\maven\shared\maven-mapping\3.0.0\maven-mapping-3.0.0.jar;D:\Software\m2\repository\org\testng\testng\7.0.0\testng-7.0.0.jar;D:\Software\m2\repository\com\beust\jcommander\1.72\jcommander-1.72.jar;D:\Software\m2\repository\org\projectlombok\lombok\1.16.14\lombok-1.16.14.jar;D:\Software\m2\repository\log4j\log4j\1.2.14\log4j-1.2.14.jar;D:\Software\m2\repository\dom4j\dom4j\1.6.1\dom4j-1.6.1.jar;D:\Software\m2\repository\xml-apis\xml-apis\1.0.b2\xml-apis-1.0.b2.jar;D:\Software\m2\repository\mysql\mysql-connector-java\5.1.47\mysql-connector-java-5.1.47.jar;D:\Software\m2\repository\org\apache\httpcomponents\httpclient\4.5.10\httpclient-4.5.10.jar;D:\Software\m2\repository\commons-logging\commons-logging\1.2\commons-logging-1.2.jar;D:\Software\m2\repository\commons-codec\commons-codec\1.11\commons-codec-1.11.jar;D:\Software\m2\repository\org\apache\httpcomponents\httpcore\4.4.10\httpcore-4.4.10.jar;D:\Software\m2\repository\com\alibaba\fastjson\1.2.47\fastjson-1.2.47.jar;D:\Software\m2\repository\org\apache\poi\poi-ooxml\3.17\poi-ooxml-3.17.jar;D:\Software\m2\repository\org\apache\poi\poi\3.17\poi-3.17.jar;D:\Software\m2\repository\org\apache\commons\commons-collections4\4.1\commons-collections4-4.1.jar;D:\Software\m2\repository\org\apache\poi\poi-ooxml-schemas\3.17\poi-ooxml-schemas-3.17.jar;D:\Software\m2\repository\org\apache\xmlbeans\xmlbeans\2.6.0\xmlbeans-2.6.0.jar;D:\Software\m2\repository\stax\stax-api\1.0.1\stax-api-1.0.1.jar;D:\Software\m2\repository\com\github\virtuald\curvesapi\1.04\curvesapi-1.04.jar;D:\Software\m2\repository\com\relevantcodes\extentreports\2.41.1\extentreports-2.41.1.jar;D:\Software\m2\repository\org\jsoup\jsoup\1.8.3\jsoup-1.8.3.jar;D:\Software\m2\repository\org\xerial\sqlite-jdbc\3.8.11.1\sqlite-jdbc-3.8.11.1.jar;D:\Software\m2\repository\org\freemarker\freemarker\2.3.23\freemarker-2.3.23.jar;D:\Software\m2\repository\org\mongodb\mongodb-driver\3.0.4\mongodb-driver-3.0.4.jar;D:\Software\m2\repository\org\mongodb\bson\3.0.4\bson-3.0.4.jar;D:\Software\m2\repository\org\mongodb\mongodb-driver-core\3.0.4\mongodb-driver-core-3.0.4.jar;D:\Software\m2\repository\com\vimalselvam\testng-extentsreport\1.3.1\testng-extentsreport-1.3.1.jar;D:\Software\m2\repository\com\google\guava\guava\20.0\guava-20.0.jar;D:\Software\m2\repository\com\aventstack\extentreports\3.0.6\extentreports-3.0.6.jar;D:\Software\m2\repository\org\apache\httpcomponents\httpmime\4.5.2\httpmime-4.5.2.jar;"/>
    <property name="java.specification.name" value="Java Platform API Specification"/>
    <property name="java.class.version" value="52.0"/>
    <property name="sun.management.compiler" value="HotSpot 64-Bit Tiered Compilers"/>
    <property name="os.version" value="6.1"/>
    <property name="user.home" value="C:\Users\Lynn"/>
    <property name="user.timezone" value="Asia/Shanghai"/>
    <property name="java.awt.printerjob" value="sun.awt.windows.WPrinterJob"/>
    <property name="java.specification.version" value="1.8"/>
    <property name="file.encoding" value="UTF-8"/>
    <property name="user.name" value="Lynn"/>
    <property name="java.class.path" value="D:\Lynn\workspace\ApiAutoTest_0228\target\test-classes;D:\Lynn\workspace\ApiAutoTest_0228\target\classes;D:\Software\m2\repository\com\sun\xml\ws\jaxws-rt\2.1.4\jaxws-rt-2.1.4.jar;D:\Software\m2\repository\javax\xml\ws\jaxws-api\2.1\jaxws-api-2.1.jar;D:\Software\m2\repository\javax\xml\bind\jaxb-api\2.1\jaxb-api-2.1.jar;D:\Software\m2\repository\com\sun\xml\bind\jaxb-impl\2.1.7\jaxb-impl-2.1.7.jar;D:\Software\m2\repository\com\sun\xml\messaging\saaj\saaj-impl\1.3.1\saaj-impl-1.3.1.jar;D:\Software\m2\repository\javax\xml\soap\saaj-api\1.3\saaj-api-1.3.jar;D:\Software\m2\repository\com\sun\xml\stream\buffer\streambuffer\0.7\streambuffer-0.7.jar;D:\Software\m2\repository\javax\activation\activation\1.1\activation-1.1.jar;D:\Software\m2\repository\com\sun\xml\stream\sjsxp\1.0.1\sjsxp-1.0.1.jar;D:\Software\m2\repository\javax\xml\stream\stax-api\1.0\stax-api-1.0.jar;D:\Software\m2\repository\org\jvnet\staxex\stax-ex\1.2\stax-ex-1.2.jar;D:\Software\m2\repository\junit\junit\3.8\junit-3.8.jar;D:\Software\m2\repository\com\sun\org\apache\xml\internal\resolver\20050927\resolver-20050927.jar;D:\Software\m2\repository\org\jvnet\mimepull\1.2\mimepull-1.2.jar;D:\Software\m2\repository\org\apache\maven\plugins\maven-war-plugin\3.0.0\maven-war-plugin-3.0.0.jar;D:\Software\m2\repository\org\apache\maven\maven-plugin-api\3.0\maven-plugin-api-3.0.jar;D:\Software\m2\repository\org\apache\maven\maven-model\3.0\maven-model-3.0.jar;D:\Software\m2\repository\org\apache\maven\maven-artifact\3.0\maven-artifact-3.0.jar;D:\Software\m2\repository\org\sonatype\sisu\sisu-inject-plexus\1.4.2\sisu-inject-plexus-1.4.2.jar;D:\Software\m2\repository\org\sonatype\sisu\sisu-inject-bean\1.4.2\sisu-inject-bean-1.4.2.jar;D:\Software\m2\repository\org\sonatype\sisu\sisu-guice\2.1.7\sisu-guice-2.1.7-noaop.jar;D:\Software\m2\repository\org\apache\maven\maven-core\3.0\maven-core-3.0.jar;D:\Software\m2\repository\org\apache\maven\maven-settings\3.0\maven-settings-3.0.jar;D:\Software\m2\repository\org\apache\maven\maven-settings-builder\3.0\maven-settings-builder-3.0.jar;D:\Software\m2\repository\org\apache\maven\maven-repository-metadata\3.0\maven-repository-metadata-3.0.jar;D:\Software\m2\repository\org\apache\maven\maven-model-builder\3.0\maven-model-builder-3.0.jar;D:\Software\m2\repository\org\apache\maven\maven-aether-provider\3.0\maven-aether-provider-3.0.jar;D:\Software\m2\repository\org\sonatype\aether\aether-impl\1.7\aether-impl-1.7.jar;D:\Software\m2\repository\org\sonatype\aether\aether-spi\1.7\aether-spi-1.7.jar;D:\Software\m2\repository\org\sonatype\aether\aether-api\1.7\aether-api-1.7.jar;D:\Software\m2\repository\org\sonatype\aether\aether-util\1.7\aether-util-1.7.jar;D:\Software\m2\repository\org\codehaus\plexus\plexus-classworlds\2.2.3\plexus-classworlds-2.2.3.jar;D:\Software\m2\repository\org\codehaus\plexus\plexus-component-annotations\1.5.5\plexus-component-annotations-1.5.5.jar;D:\Software\m2\repository\org\sonatype\plexus\plexus-sec-dispatcher\1.3\plexus-sec-dispatcher-1.3.jar;D:\Software\m2\repository\org\sonatype\plexus\plexus-cipher\1.4\plexus-cipher-1.4.jar;D:\Software\m2\repository\org\apache\maven\maven-archiver\3.1.1\maven-archiver-3.1.1.jar;D:\Software\m2\repository\org\apache\maven\shared\maven-shared-utils\3.0.1\maven-shared-utils-3.0.1.jar;D:\Software\m2\repository\commons-io\commons-io\2.5\commons-io-2.5.jar;D:\Software\m2\repository\org\codehaus\plexus\plexus-archiver\3.4\plexus-archiver-3.4.jar;D:\Software\m2\repository\org\codehaus\plexus\plexus-io\2.7.1\plexus-io-2.7.1.jar;D:\Software\m2\repository\org\apache\commons\commons-compress\1.11\commons-compress-1.11.jar;D:\Software\m2\repository\org\iq80\snappy\snappy\0.4\snappy-0.4.jar;D:\Software\m2\repository\org\tukaani\xz\1.5\xz-1.5.jar;D:\Software\m2\repository\org\codehaus\plexus\plexus-interpolation\1.22\plexus-interpolation-1.22.jar;D:\Software\m2\repository\com\thoughtworks\xstream\xstream\1.4.9\xstream-1.4.9.jar;D:\Software\m2\repository\xmlpull\xmlpull\1.1.3.1\xmlpull-1.1.3.1.jar;D:\Software\m2\repository\xpp3\xpp3_min\1.1.4c\xpp3_min-1.1.4c.jar;D:\Software\m2\repository\org\codehaus\plexus\plexus-utils\3.0.24\plexus-utils-3.0.24.jar;D:\Software\m2\repository\org\apache\maven\shared\maven-filtering\3.1.1\maven-filtering-3.1.1.jar;D:\Software\m2\repository\org\sonatype\plexus\plexus-build-api\0.0.7\plexus-build-api-0.0.7.jar;D:\Software\m2\repository\org\apache\maven\shared\maven-mapping\3.0.0\maven-mapping-3.0.0.jar;D:\Software\m2\repository\org\testng\testng\7.0.0\testng-7.0.0.jar;D:\Software\m2\repository\com\beust\jcommander\1.72\jcommander-1.72.jar;D:\Software\m2\repository\org\projectlombok\lombok\1.16.14\lombok-1.16.14.jar;D:\Software\m2\repository\log4j\log4j\1.2.14\log4j-1.2.14.jar;D:\Software\m2\repository\dom4j\dom4j\1.6.1\dom4j-1.6.1.jar;D:\Software\m2\repository\xml-apis\xml-apis\1.0.b2\xml-apis-1.0.b2.jar;D:\Software\m2\repository\mysql\mysql-connector-java\5.1.47\mysql-connector-java-5.1.47.jar;D:\Software\m2\repository\org\apache\httpcomponents\httpclient\4.5.10\httpclient-4.5.10.jar;D:\Software\m2\repository\commons-logging\commons-logging\1.2\commons-logging-1.2.jar;D:\Software\m2\repository\commons-codec\commons-codec\1.11\commons-codec-1.11.jar;D:\Software\m2\repository\org\apache\httpcomponents\httpcore\4.4.10\httpcore-4.4.10.jar;D:\Software\m2\repository\com\alibaba\fastjson\1.2.47\fastjson-1.2.47.jar;D:\Software\m2\repository\org\apache\poi\poi-ooxml\3.17\poi-ooxml-3.17.jar;D:\Software\m2\repository\org\apache\poi\poi\3.17\poi-3.17.jar;D:\Software\m2\repository\org\apache\commons\commons-collections4\4.1\commons-collections4-4.1.jar;D:\Software\m2\repository\org\apache\poi\poi-ooxml-schemas\3.17\poi-ooxml-schemas-3.17.jar;D:\Software\m2\repository\org\apache\xmlbeans\xmlbeans\2.6.0\xmlbeans-2.6.0.jar;D:\Software\m2\repository\stax\stax-api\1.0.1\stax-api-1.0.1.jar;D:\Software\m2\repository\com\github\virtuald\curvesapi\1.04\curvesapi-1.04.jar;D:\Software\m2\repository\com\relevantcodes\extentreports\2.41.1\extentreports-2.41.1.jar;D:\Software\m2\repository\org\jsoup\jsoup\1.8.3\jsoup-1.8.3.jar;D:\Software\m2\repository\org\xerial\sqlite-jdbc\3.8.11.1\sqlite-jdbc-3.8.11.1.jar;D:\Software\m2\repository\org\freemarker\freemarker\2.3.23\freemarker-2.3.23.jar;D:\Software\m2\repository\org\mongodb\mongodb-driver\3.0.4\mongodb-driver-3.0.4.jar;D:\Software\m2\repository\org\mongodb\bson\3.0.4\bson-3.0.4.jar;D:\Software\m2\repository\org\mongodb\mongodb-driver-core\3.0.4\mongodb-driver-core-3.0.4.jar;D:\Software\m2\repository\com\vimalselvam\testng-extentsreport\1.3.1\testng-extentsreport-1.3.1.jar;D:\Software\m2\repository\com\google\guava\guava\20.0\guava-20.0.jar;D:\Software\m2\repository\com\aventstack\extentreports\3.0.6\extentreports-3.0.6.jar;D:\Software\m2\repository\org\apache\httpcomponents\httpmime\4.5.2\httpmime-4.5.2.jar;"/>
    <property name="java.vm.specification.version" value="1.8"/>
    <property name="sun.arch.data.model" value="64"/>
    <property name="java.home" value="C:\Program Files\Java\jdk1.8.0_151\jre"/>
    <property name="sun.java.command" value="D:\Lynn\workspace\ApiAutoTest_0228\target\surefire\surefirebooter5914776555600697471.jar D:\Lynn\workspace\ApiAutoTest_0228\target\surefire\surefire6922949071810457629tmp D:\Lynn\workspace\ApiAutoTest_0228\target\surefire\surefire3454542877507713824tmp"/>
    <property name="java.specification.vendor" value="Oracle Corporation"/>
    <property name="user.language" value="zh"/>
    <property name="awt.toolkit" value="sun.awt.windows.WToolkit"/>
    <property name="java.vm.info" value="mixed mode"/>
    <property name="java.version" value="1.8.0_151"/>
    <property name="java.ext.dirs" value="C:\Program Files\Java\jdk1.8.0_151\jre\lib\ext;C:\Windows\Sun\Java\lib\ext"/>
    <property name="sun.boot.class.path" value="C:\Program Files\Java\jdk1.8.0_151\jre\lib\resources.jar;C:\Program Files\Java\jdk1.8.0_151\jre\lib\rt.jar;C:\Program Files\Java\jdk1.8.0_151\jre\lib\sunrsasign.jar;C:\Program Files\Java\jdk1.8.0_151\jre\lib\jsse.jar;C:\Program Files\Java\jdk1.8.0_151\jre\lib\jce.jar;C:\Program Files\Java\jdk1.8.0_151\jre\lib\charsets.jar;C:\Program Files\Java\jdk1.8.0_151\jre\lib\jfr.jar;C:\Program Files\Java\jdk1.8.0_151\jre\classes"/>
    <property name="java.vendor" value="Oracle Corporation"/>
    <property name="localRepository" value="D:\Software\m2\repository"/>
    <property name="file.separator" value="\"/>
    <property name="java.vendor.url.bug" value="http://bugreport.sun.com/bugreport/"/>
    <property name="sun.cpu.endian" value="little"/>
    <property name="sun.io.unicode.encoding" value="UnicodeLittle"/>
    <property name="sun.desktop" value="windows"/>
    <property name="sun.cpu.isalist" value="amd64"/>
  </properties>
  <testcase classname="com.autotest.testcase.RechargeCase" name="test" time="3.301"/>
  <testcase classname="com.autotest.testcase.RechargeCase" name="test" time="2.021"/>
  <testcase classname="com.autotest.testcase.RechargeCase" name="test" time="2.032"/>
  <testcase classname="com.autotest.testcase.RechargeCase" name="test" time="2.019"/>
  <testcase classname="com.autotest.testcase.RegisterCase" name="test" time="2.107"/>
  <testcase classname="com.autotest.testcase.RegisterCase" name="test" time="2.016"/>
  <testcase classname="com.autotest.testcase.RegisterCase" name="test" time="2.018"/>
  <testcase classname="com.autotest.testcase.RegisterCase" name="test" time="2.019"/>
  <testcase classname="com.autotest.testcase.RegisterCase" name="test" time="2.036"/>
  <testcase classname="com.autotest.testcase.RegisterCase" name="test" time="2.017"/>
  <testcase classname="com.autotest.testcase.RegisterCase" name="test" time="2.015"/>
  <testcase classname="com.autotest.testcase.RegisterCase" name="test" time="2.014"/>
  <testcase classname="com.autotest.testcase.RegisterCase" name="test" time="2.017"/>
  <testcase classname="com.autotest.testcase.RegisterCase" name="test" time="2.01"/>
  <testcase classname="com.autotest.testcase.LoginCase" name="test" time="2.057"/>
  <testcase classname="com.autotest.testcase.LoginCase" name="test" time="2.022"/>
  <testcase classname="com.autotest.testcase.LoginCase" name="test" time="2.019"/>
  <testcase classname="com.autotest.testcase.LoginCase" name="test" time="2.013"/>
  <testcase classname="com.autotest.testcase.LoginCase" name="test" time="2.013"/>
  <testcase classname="com.autotest.testcase.LoginCase" name="test" time="2.027"/>
  <testcase classname="com.autotest.testcase.LoginCase" name="test" time="2.032"/>
</testsuite>