<?xml version="1.0" encoding="UTF-8"?>
<!-- Generated by org.testng.reporters.JUnitReportReporter -->
<testsuite hostname="Lynn-PC" name="com.autotest.testcase.LoginTest" tests="4" failures="0" timestamp="29 Feb 2020 10:27:20 GMT" time="0.044" errors="0">
  <testcase name="testRegister" time="0.009" classname="com.autotest.testcase.LoginTest"/>
  <testcase name="testRegister" time="0.011" classname="com.autotest.testcase.LoginTest"/>
  <testcase name="testRegister" time="0.014" classname="com.autotest.testcase.LoginTest"/>
  <testcase name="testRegister" time="0.010" classname="com.autotest.testcase.LoginTest"/>
</testsuite> <!-- com.autotest.testcase.LoginTest -->
