<?xml version="1.0" encoding="UTF-8"?>
<!-- Generated by org.testng.reporters.JUnitReportReporter -->
<testsuite hostname="Lynn-PC" name="com.autotest.testcase.RechargeCase" tests="4" failures="0" timestamp="6 Mar 2020 03:06:59 GMT" time="1.320" errors="0">
  <testcase name="test" time="1.255" classname="com.autotest.testcase.RechargeCase"/>
  <testcase name="test" time="0.014" classname="com.autotest.testcase.RechargeCase"/>
  <testcase name="test" time="0.027" classname="com.autotest.testcase.RechargeCase"/>
  <testcase name="test" time="0.024" classname="com.autotest.testcase.RechargeCase"/>
</testsuite> <!-- com.autotest.testcase.RechargeCase -->
