<?xml version="1.0" encoding="UTF-8"?>
<!-- Generated by org.testng.reporters.JUnitReportReporter -->
<testsuite hostname="Lynn-PC" name="com.autotest.testcase.RegisterTest" tests="7" failures="0" timestamp="29 Feb 2020 14:22:11 GMT" time="1.222" errors="0">
  <testcase name="testRegister" time="0.099" classname="com.autotest.testcase.RegisterTest"/>
  <testcase name="testRegister" time="0.138" classname="com.autotest.testcase.RegisterTest"/>
  <testcase name="testRegister" time="0.108" classname="com.autotest.testcase.RegisterTest"/>
  <testcase name="testRegister" time="0.089" classname="com.autotest.testcase.RegisterTest"/>
  <testcase name="testRegister" time="0.621" classname="com.autotest.testcase.RegisterTest"/>
  <testcase name="testRegister" time="0.084" classname="com.autotest.testcase.RegisterTest"/>
  <testcase name="testRegister" time="0.083" classname="com.autotest.testcase.RegisterTest"/>
</testsuite> <!-- com.autotest.testcase.RegisterTest -->
