<?xml version="1.0" encoding="UTF-8"?>
<!-- Generated by org.testng.reporters.JUnitReportReporter -->
<testsuite hostname="Lynn-PC" name="com.autotest.testcase.LoginCase" tests="7" failures="0" timestamp="6 Mar 2020 03:06:59 GMT" time="0.167" errors="0">
  <testcase name="test" time="0.026" classname="com.autotest.testcase.LoginCase"/>
  <testcase name="test" time="0.048" classname="com.autotest.testcase.LoginCase"/>
  <testcase name="test" time="0.014" classname="com.autotest.testcase.LoginCase"/>
  <testcase name="test" time="0.018" classname="com.autotest.testcase.LoginCase"/>
  <testcase name="test" time="0.013" classname="com.autotest.testcase.LoginCase"/>
  <testcase name="test" time="0.033" classname="com.autotest.testcase.LoginCase"/>
  <testcase name="test" time="0.015" classname="com.autotest.testcase.LoginCase"/>
</testsuite> <!-- com.autotest.testcase.LoginCase -->
