<?xml version="1.0" encoding="UTF-8"?>
<!-- Generated by org.testng.reporters.JUnitReportReporter -->
<testsuite hostname="Lynn-PC" name="com.autotest.testcase.RegisterCase" tests="10" failures="0" timestamp="6 Mar 2020 03:07:00 GMT" time="0.297" errors="0">
  <testcase name="test" time="0.019" classname="com.autotest.testcase.RegisterCase"/>
  <testcase name="test" time="0.018" classname="com.autotest.testcase.RegisterCase"/>
  <testcase name="test" time="0.014" classname="com.autotest.testcase.RegisterCase"/>
  <testcase name="test" time="0.019" classname="com.autotest.testcase.RegisterCase"/>
  <testcase name="test" time="0.013" classname="com.autotest.testcase.RegisterCase"/>
  <testcase name="test" time="0.016" classname="com.autotest.testcase.RegisterCase"/>
  <testcase name="test" time="0.135" classname="com.autotest.testcase.RegisterCase"/>
  <testcase name="test" time="0.033" classname="com.autotest.testcase.RegisterCase"/>
  <testcase name="test" time="0.013" classname="com.autotest.testcase.RegisterCase"/>
  <testcase name="test" time="0.017" classname="com.autotest.testcase.RegisterCase"/>
</testsuite> <!-- com.autotest.testcase.RegisterCase -->
