<?xml version="1.0" encoding="UTF-8"?>
<!-- Generated by org.testng.reporters.JUnitReportReporter -->
<testsuite skipped="0" hostname="Lynn-PC" name="com.autotest.testcase.RechargeCase" tests="4" failures="0" timestamp="2020-03-07T10:33:56 CST" time="9.368" errors="0">
  <testcase name="test" time="3.299" classname="com.autotest.testcase.RechargeCase"/>
  <testcase name="test" time="2.020" classname="com.autotest.testcase.RechargeCase"/>
  <testcase name="test" time="2.018" classname="com.autotest.testcase.RechargeCase"/>
  <testcase name="test" time="2.031" classname="com.autotest.testcase.RechargeCase"/>
</testsuite> <!-- com.autotest.testcase.RechargeCase -->
