<?xml version="1.0" encoding="UTF-8"?>
<!-- Generated by org.testng.reporters.JUnitReportReporter -->
<testsuite skipped="0" hostname="Lynn-PC" name="com.autotest.testcase.RegisterCase" tests="10" failures="0" timestamp="2020-03-07T10:33:56 CST" time="20.266" errors="0">
  <testcase name="test" time="2.018" classname="com.autotest.testcase.RegisterCase"/>
  <testcase name="test" time="2.020" classname="com.autotest.testcase.RegisterCase"/>
  <testcase name="test" time="2.107" classname="com.autotest.testcase.RegisterCase"/>
  <testcase name="test" time="2.010" classname="com.autotest.testcase.RegisterCase"/>
  <testcase name="test" time="2.035" classname="com.autotest.testcase.RegisterCase"/>
  <testcase name="test" time="2.016" classname="com.autotest.testcase.RegisterCase"/>
  <testcase name="test" time="2.014" classname="com.autotest.testcase.RegisterCase"/>
  <testcase name="test" time="2.017" classname="com.autotest.testcase.RegisterCase"/>
  <testcase name="test" time="2.013" classname="com.autotest.testcase.RegisterCase"/>
  <testcase name="test" time="2.016" classname="com.autotest.testcase.RegisterCase"/>
</testsuite> <!-- com.autotest.testcase.RegisterCase -->
