<?xml version="1.0" encoding="UTF-8"?>
<!-- Generated by org.testng.reporters.JUnitReportReporter -->
<testsuite skipped="0" hostname="Lynn-PC" name="com.autotest.testcase.LoginCase" tests="7" failures="0" timestamp="2020-03-07T10:33:56 CST" time="14.181" errors="0">
  <testcase name="test" time="2.018" classname="com.autotest.testcase.LoginCase"/>
  <testcase name="test" time="2.022" classname="com.autotest.testcase.LoginCase"/>
  <testcase name="test" time="2.012" classname="com.autotest.testcase.LoginCase"/>
  <testcase name="test" time="2.057" classname="com.autotest.testcase.LoginCase"/>
  <testcase name="test" time="2.013" classname="com.autotest.testcase.LoginCase"/>
  <testcase name="test" time="2.032" classname="com.autotest.testcase.LoginCase"/>
  <testcase name="test" time="2.027" classname="com.autotest.testcase.LoginCase"/>
</testsuite> <!-- com.autotest.testcase.LoginCase -->
